<?xml version="1.0" encoding="UTF-8"?>
<!-- Generated by org.testng.reporters.JUnitReportReporter -->
<testsuite hostname="LAPTOP-D9B72J2S" failures="0" tests="1" name="Testnggroups.Class2" time="0.001" errors="0" timestamp="2022-07-12T11:08:09 IST" skipped="0">
  <testcase classname="Testnggroups.Class2" name="MobTest1" time="0.001"/>
  <system-out/>
</testsuite> <!-- Testnggroups.Class2 -->
