<?xml version="1.0" encoding="UTF-8"?>
<!-- Generated by org.testng.reporters.JUnitReportReporter -->
<testsuite hostname="LAPTOP-D9B72J2S" failures="0" tests="3" name="parametersannotations.ParameterizationDataprovider2" time="18.236" errors="0" timestamp="2022-07-07T20:13:33 IST" skipped="0">
  <testcase classname="parametersannotations.ParameterizationDataprovider2" name="parameterswithchromeTest" time="6.717"/>
  <system-out/>
  <testcase classname="parametersannotations.ParameterizationDataprovider2" name="parameterswithchromeTest" time="5.921"/>
  <system-out/>
  <testcase classname="parametersannotations.ParameterizationDataprovider2" name="parameterswithchromeTest" time="5.598"/>
  <system-out/>
</testsuite> <!-- parametersannotations.ParameterizationDataprovider2 -->
