<?xml version="1.0" encoding="UTF-8"?>
<!-- Generated by org.testng.reporters.JUnitReportReporter -->
<testsuite hostname="LAPTOP-D9B72J2S" failures="0" tests="1" name="Parameterization" time="12.065" errors="0" timestamp="2022-07-07T17:55:13 IST" skipped="0">
  <testcase classname="Parameterization" name="parametersTest" time="12.065"/>
  <system-out/>
</testsuite> <!-- Parameterization -->
