<?xml version="1.0" encoding="UTF-8"?>
<!-- Generated by org.testng.reporters.JUnitReportReporter -->
<testsuite hostname="LAPTOP-D9B72J2S" failures="0" tests="1" name="Testnggroups.Class1" time="0.006" errors="0" timestamp="2022-07-12T11:15:45 IST" skipped="0">
  <testcase classname="Testnggroups.Class1" name="WebTest1" time="0.006"/>
  <system-out/>
</testsuite> <!-- Testnggroups.Class1 -->
