<?xml version="1.0" encoding="UTF-8"?>
<!-- Generated by org.testng.reporters.JUnitReportReporter -->
<testsuite hostname="LAPTOP-D9B72J2S" failures="0" tests="2" name="parametersannotations.ParameterizationDataprovider" time="15.465" errors="0" timestamp="2022-07-12T09:59:13 IST" skipped="0">
  <testcase classname="parametersannotations.ParameterizationDataprovider" name="parametersTest" time="7.818"/>
  <system-out/>
  <testcase classname="parametersannotations.ParameterizationDataprovider" name="parametersTest" time="7.647"/>
  <system-out/>
</testsuite> <!-- parametersannotations.ParameterizationDataprovider -->
