<?xml version="1.0" encoding="UTF-8"?>
<!-- Generated by org.testng.reporters.JUnitReportReporter -->
<testsuite hostname="LAPTOP-D9B72J2S" failures="0" tests="1" name="parametersannotations.Parameterization" time="8.459" errors="0" timestamp="2022-07-07T18:18:29 IST" skipped="0">
  <testcase classname="parametersannotations.Parameterization" name="parametersTest" time="8.459"/>
  <system-out/>
</testsuite> <!-- parametersannotations.Parameterization -->
